<?xml version="1.0" encoding="UTF-8"?>
<!-- Generated by org.testng.reporters.JUnitXMLReporter -->
<testsuite ignored="0" hostname="DESKTOP-Q8R0VB5" failures="1" tests="2" name="Error Validation Test" time="17.785" errors="0" timestamp="2022-11-15T22:48:13 CST">
  <testcase classname="Ahmad.PersonalFramework.test.ErrorValidation" name="LoginErrorValidation" time="0.869"/>
  <testcase classname="Ahmad.PersonalFramework.test.ErrorValidation" name="ProductErrorValidation" time="1.296">
    <failure type="java.lang.NullPointerException" message="Cannot invoke &amp;quot;org.openqa.selenium.WebElement.findElement(org.openqa.selenium.By)&amp;quot; because &amp;quot;prod&amp;quot; is null">
      <![CDATA[java.lang.NullPointerException: Cannot invoke "org.openqa.selenium.WebElement.findElement(org.openqa.selenium.By)" because "prod" is null
at AhmadPersonalFramework.PageObjects.ProductCataloguePage.addProductToCart(ProductCataloguePage.java:50)
at Ahmad.PersonalFramework.test.ErrorValidation.ProductErrorValidation(ErrorValidation.java:31)
at java.base/java.util.ArrayList.forEach(ArrayList.java:1511)
at java.base/java.util.concurrent.FutureTask.run(FutureTask.java:264)
at java.base/java.util.concurrent.ThreadPoolExecutor.runWorker(ThreadPoolExecutor.java:1136)
at java.base/java.util.concurrent.ThreadPoolExecutor$Worker.run(ThreadPoolExecutor.java:635)
at java.base/java.lang.Thread.run(Thread.java:833)
... Removed 17 stack frames]]>
    </failure>
  </testcase> <!-- ProductErrorValidation -->
</testsuite> <!-- Error Validation Test -->
